<?xml version="1.0" encoding="UTF-8"?>
<!-- Generated by org.testng.reporters.JUnitXMLReporter -->
<testsuite ignored="1" hostname="DESKTOP-R1GJ1RP" failures="0" tests="5" name="Car Loan" time="0.191" errors="0" timestamp="2022-07-14T18:21:06 IST">
  <testcase classname="tests.day3" name="CarWeblogin" time="0.01"/>
  <testcase classname="tests.day3" name="mCarlogin" time="0.003"/>
  <testcase classname="tests.day3" name="mCarlogin" time="0.001"/>
  <testcase classname="tests.day3" name="mCarlogin" time="0.017"/>
  <testcase classname="tests.day3" name="CarAPIlogin" time="0.007"/>
  <testcase classname="tests.day3" name="mobileCarlogin" time="0.0">
    <ignored/>
  </testcase> <!-- mobileCarlogin -->
</testsuite> <!-- Car Loan -->
