<?xml version="1.0" encoding="UTF-8"?>
<!-- Generated by org.testng.reporters.JUnitXMLReporter -->
<testsuite ignored="2" hostname="DESKTOP-R1GJ1RP" failures="0" tests="4" name="Personal Loan" time="0.136" errors="0" timestamp="2022-07-14T18:21:06 IST">
  <testcase classname="tests.day2" name="demo" time="0.014"/>
  <testcase classname="tests.day4" name="APIloginHomeLoan" time="0.002"/>
  <testcase classname="tests.day4" name="CarloginHomeLoan" time="0.002"/>
  <testcase classname="tests.day4" name="WebloginHomeLoan" time="0.003"/>
  <testcase classname="tests.day1" name="SeconTest" time="0.0">
    <ignored/>
  </testcase> <!-- SeconTest -->
  <testcase classname="tests.day1" name="demo" time="0.0">
    <ignored/>
  </testcase> <!-- demo -->
</testsuite> <!-- Personal Loan -->
