<?xml version="1.0" encoding="UTF-8"?>
<!-- Generated by org.testng.reporters.JUnitXMLReporter -->
<testsuite ignored="0" hostname="DESKTOP-R1GJ1RP" failures="0" tests="9" name="Personal Loan,Car Loan" time="0.11" errors="0" timestamp="2022-07-14T16:26:24 IST">
  <testcase classname="tests.day1" name="SeconTest" time="0.006"/>
  <testcase classname="tests.day1" name="demo" time="0.002"/>
  <testcase classname="tests.day2" name="demo" time="0.002"/>
  <testcase classname="tests.day3" name="CarAPIlogin" time="0.002"/>
  <testcase classname="tests.day3" name="CarWeblogin" time="0.001"/>
  <testcase classname="tests.day3" name="mobileCarlogin" time="0.002"/>
  <testcase classname="tests.day4" name="APIloginHomeLoan" time="0.006"/>
  <testcase classname="tests.day4" name="CarloginHomeLoan" time="0.002"/>
  <testcase classname="tests.day4" name="WebloginHomeLoan" time="0.003"/>
</testsuite> <!-- Personal Loan,Car Loan -->
